2019-04-15 22:14:13,237 INFO (StartupInfoLogger.java:57)- Started Application in 4.383 seconds (JVM running for 5.138)
2019-04-15 22:17:09,217 INFO (StartupInfoLogger.java:48)- Starting Application on chenhailongdeMacBook-Pro.local with PID 55920 (/Users/chenhailong/mygithub/springBoot/spring-boot-api-project-seed/target/classes started by chenhailong in /Users/chenhailong/mygithub/springBoot/spring-boot-api-project-seed)
2019-04-15 22:17:09,226 DEBUG (StartupInfoLogger.java:51)- Running with Spring Boot v1.5.13.RELEASE, Spring v4.3.17.RELEASE
2019-04-15 22:17:09,226 INFO (SpringApplication.java:597)- The following profiles are active: dev
2019-04-15 22:17:13,262 INFO (StartupInfoLogger.java:57)- Started Application in 4.774 seconds (JVM running for 5.639)
2019-04-15 22:17:35,159 DEBUG (BaseJdbcLogger.java:159)- ==>  Preparing: INSERT INTO user_test ( id,user_name,user_password ) VALUES( ?,?,? ) 
2019-04-15 22:17:35,203 DEBUG (BaseJdbcLogger.java:159)- ==> Parameters: 7(Integer), demoData7(String), demoData7(String)
2019-04-15 22:17:35,214 DEBUG (BaseJdbcLogger.java:159)- <==    Updates: 1
2019-04-15 22:17:35,241 DEBUG (BaseJdbcLogger.java:159)- ==>  Executing: SELECT LAST_INSERT_ID() 
2019-04-15 22:17:35,262 DEBUG (BaseJdbcLogger.java:159)- <==      Total: 1
2019-04-15 22:18:44,390 INFO (StartupInfoLogger.java:48)- Starting Application on chenhailongdeMacBook-Pro.local with PID 55944 (/Users/chenhailong/mygithub/springBoot/spring-boot-api-project-seed/target/classes started by chenhailong in /Users/chenhailong/mygithub/springBoot/spring-boot-api-project-seed)
2019-04-15 22:18:44,393 DEBUG (StartupInfoLogger.java:51)- Running with Spring Boot v1.5.13.RELEASE, Spring v4.3.17.RELEASE
2019-04-15 22:18:44,393 INFO (SpringApplication.java:597)- The following profiles are active: dev
2019-04-15 22:18:47,689 INFO (StartupInfoLogger.java:57)- Started Application in 3.824 seconds (JVM running for 4.524)
2019-04-15 22:19:33,907 DEBUG (BaseJdbcLogger.java:159)- ==>  Preparing: SELECT count(0) FROM user_test 
2019-04-15 22:19:33,930 DEBUG (BaseJdbcLogger.java:159)- ==> Parameters: 
2019-04-15 22:19:33,973 DEBUG (BaseJdbcLogger.java:159)- <==      Total: 1
2019-04-15 22:19:33,977 DEBUG (BaseJdbcLogger.java:159)- ==>  Preparing: SELECT id, user_name, user_password FROM user_test limit ?,? 
2019-04-15 22:19:33,979 DEBUG (BaseJdbcLogger.java:159)- ==> Parameters: 0(Integer), 1(Integer)
2019-04-15 22:19:33,982 DEBUG (BaseJdbcLogger.java:159)- <==      Total: 1
2019-04-15 22:19:43,748 DEBUG (BaseJdbcLogger.java:159)- ==>  Preparing: SELECT count(0) FROM user_test 
2019-04-15 22:19:43,750 DEBUG (BaseJdbcLogger.java:159)- ==> Parameters: 
2019-04-15 22:19:43,756 DEBUG (BaseJdbcLogger.java:159)- <==      Total: 1
2019-04-15 22:19:43,758 DEBUG (BaseJdbcLogger.java:159)- ==>  Preparing: SELECT id, user_name, user_password FROM user_test limit ?,? 
2019-04-15 22:19:43,759 DEBUG (BaseJdbcLogger.java:159)- ==> Parameters: 0(Integer), 10(Integer)
2019-04-15 22:19:43,766 DEBUG (BaseJdbcLogger.java:159)- <==      Total: 7
2019-04-15 22:58:03,374 INFO (StartupInfoLogger.java:48)- Starting Application on chenhailongdeMacBook-Pro.local with PID 56300 (/Users/chenhailong/mygithub/springBoot/spring-boot-api-project-seed/target/classes started by chenhailong in /Users/chenhailong/mygithub/springBoot/spring-boot-api-project-seed)
2019-04-15 22:58:03,378 DEBUG (StartupInfoLogger.java:51)- Running with Spring Boot v1.5.13.RELEASE, Spring v4.3.17.RELEASE
2019-04-15 22:58:03,378 INFO (SpringApplication.java:597)- The following profiles are active: dev
2019-04-15 22:58:06,949 INFO (StartupInfoLogger.java:57)- Started Application in 4.246 seconds (JVM running for 5.057)
2019-04-15 22:58:09,986 INFO (UserTestController.java:52)- page=1,size=10
2019-04-15 22:58:10,284 DEBUG (BaseJdbcLogger.java:159)- ==>  Preparing: SELECT count(0) FROM user_test 
2019-04-15 22:58:10,302 DEBUG (BaseJdbcLogger.java:159)- ==> Parameters: 
2019-04-15 22:58:10,321 DEBUG (BaseJdbcLogger.java:159)- <==      Total: 1
2019-04-15 22:58:10,325 DEBUG (BaseJdbcLogger.java:159)- ==>  Preparing: SELECT id, user_name, user_password FROM user_test limit ?,? 
2019-04-15 22:58:10,327 DEBUG (BaseJdbcLogger.java:159)- ==> Parameters: 0(Integer), 10(Integer)
2019-04-15 22:58:10,332 DEBUG (BaseJdbcLogger.java:159)- <==      Total: 7
2019-04-15 22:58:36,335 INFO (UserTestController.java:52)- page=1,size=10
2019-04-15 22:58:40,402 DEBUG (BaseJdbcLogger.java:159)- ==>  Preparing: SELECT count(0) FROM user_test 
2019-04-15 22:58:40,404 DEBUG (BaseJdbcLogger.java:159)- ==> Parameters: 
2019-04-15 22:58:40,406 DEBUG (BaseJdbcLogger.java:159)- <==      Total: 1
2019-04-15 22:58:40,409 DEBUG (BaseJdbcLogger.java:159)- ==>  Preparing: SELECT id, user_name, user_password FROM user_test limit ?,? 
2019-04-15 22:58:40,410 DEBUG (BaseJdbcLogger.java:159)- ==> Parameters: 0(Integer), 10(Integer)
2019-04-15 22:58:40,413 DEBUG (BaseJdbcLogger.java:159)- <==      Total: 7
2019-04-15 23:00:27,090 INFO (UserTestController.java:52)- page=1,size=10
2019-04-15 23:00:28,112 DEBUG (BaseJdbcLogger.java:159)- ==>  Preparing: SELECT count(0) FROM user_test 
2019-04-15 23:00:28,113 DEBUG (BaseJdbcLogger.java:159)- ==> Parameters: 
2019-04-15 23:00:28,115 DEBUG (BaseJdbcLogger.java:159)- <==      Total: 1
2019-04-15 23:00:28,116 DEBUG (BaseJdbcLogger.java:159)- ==>  Preparing: SELECT id, user_name, user_password FROM user_test limit ?,? 
2019-04-15 23:00:28,117 DEBUG (BaseJdbcLogger.java:159)- ==> Parameters: 0(Integer), 10(Integer)
2019-04-15 23:00:28,124 DEBUG (BaseJdbcLogger.java:159)- <==      Total: 7
2019-04-15 23:03:36,347 INFO (StartupInfoLogger.java:48)- Starting Application on chenhailongdeMacBook-Pro.local with PID 56363 (/Users/chenhailong/mygithub/springBoot/spring-boot-api-project-seed/target/classes started by chenhailong in /Users/chenhailong/mygithub/springBoot/spring-boot-api-project-seed)
2019-04-15 23:03:36,350 DEBUG (StartupInfoLogger.java:51)- Running with Spring Boot v1.5.13.RELEASE, Spring v4.3.17.RELEASE
2019-04-15 23:03:36,350 INFO (SpringApplication.java:597)- The following profiles are active: dev
2019-04-15 23:03:40,054 INFO (StartupInfoLogger.java:57)- Started Application in 4.392 seconds (JVM running for 5.143)
2019-04-15 23:06:04,279 INFO (StartupInfoLogger.java:48)- Starting Application on chenhailongdeMacBook-Pro.local with PID 56404 (/Users/chenhailong/mygithub/springBoot/spring-boot-api-project-seed/target/classes started by chenhailong in /Users/chenhailong/mygithub/springBoot/spring-boot-api-project-seed)
2019-04-15 23:06:04,283 DEBUG (StartupInfoLogger.java:51)- Running with Spring Boot v1.5.13.RELEASE, Spring v4.3.17.RELEASE
2019-04-15 23:06:04,283 INFO (SpringApplication.java:597)- The following profiles are active: dev
2019-04-15 23:06:08,317 INFO (StartupInfoLogger.java:57)- Started Application in 4.676 seconds (JVM running for 5.484)
2019-04-15 23:06:15,562 INFO (UserTestController.java:52)- page=1,size=10
2019-04-15 23:06:15,874 DEBUG (BaseJdbcLogger.java:159)- ==>  Preparing: SELECT count(0) FROM user_test 
2019-04-15 23:06:15,896 DEBUG (BaseJdbcLogger.java:159)- ==> Parameters: 
2019-04-15 23:06:15,949 DEBUG (BaseJdbcLogger.java:159)- <==      Total: 1
2019-04-15 23:06:15,954 DEBUG (BaseJdbcLogger.java:159)- ==>  Preparing: SELECT id,user_name,user_password FROM user_test limit ?,? 
2019-04-15 23:06:15,958 DEBUG (BaseJdbcLogger.java:159)- ==> Parameters: 0(Integer), 10(Integer)
2019-04-15 23:06:15,964 DEBUG (BaseJdbcLogger.java:159)- <==      Total: 7
2019-04-15 23:06:32,072 INFO (StartupInfoLogger.java:48)- Starting Application on chenhailongdeMacBook-Pro.local with PID 56420 (/Users/chenhailong/mygithub/springBoot/spring-boot-api-project-seed/target/classes started by chenhailong in /Users/chenhailong/mygithub/springBoot/spring-boot-api-project-seed)
2019-04-15 23:06:32,075 DEBUG (StartupInfoLogger.java:51)- Running with Spring Boot v1.5.13.RELEASE, Spring v4.3.17.RELEASE
2019-04-15 23:06:32,075 INFO (SpringApplication.java:597)- The following profiles are active: dev
2019-04-15 23:06:35,928 INFO (StartupInfoLogger.java:57)- Started Application in 4.486 seconds (JVM running for 5.466)
2019-04-15 23:10:28,772 INFO (StartupInfoLogger.java:48)- Starting Application on chenhailongdeMacBook-Pro.local with PID 56470 (/Users/chenhailong/mygithub/springBoot/spring-boot-api-project-seed/target/classes started by chenhailong in /Users/chenhailong/mygithub/springBoot/spring-boot-api-project-seed)
2019-04-15 23:10:28,777 DEBUG (StartupInfoLogger.java:51)- Running with Spring Boot v1.5.13.RELEASE, Spring v4.3.17.RELEASE
2019-04-15 23:10:28,777 INFO (SpringApplication.java:597)- The following profiles are active: dev
2019-04-15 23:10:32,104 INFO (StartupInfoLogger.java:57)- Started Application in 4.016 seconds (JVM running for 4.789)
2019-04-15 23:10:35,145 INFO (UserTestController.java:52)- page=1,size=10
2019-04-15 23:10:35,398 DEBUG (BaseJdbcLogger.java:159)- ==>  Preparing: SELECT count(0) FROM user_test 
2019-04-15 23:10:35,418 DEBUG (BaseJdbcLogger.java:159)- ==> Parameters: 
2019-04-15 23:10:35,436 DEBUG (BaseJdbcLogger.java:159)- <==      Total: 1
2019-04-15 23:10:35,439 DEBUG (BaseJdbcLogger.java:159)- ==>  Preparing: SELECT id,user_name,user_password FROM user_test limit ?,? 
2019-04-15 23:10:35,440 DEBUG (BaseJdbcLogger.java:159)- ==> Parameters: 0(Integer), 10(Integer)
2019-04-15 23:10:35,445 DEBUG (BaseJdbcLogger.java:159)- <==      Total: 7
2019-04-15 23:13:34,859 INFO (StartupInfoLogger.java:48)- Starting Application on chenhailongdeMacBook-Pro.local with PID 56500 (/Users/chenhailong/mygithub/springBoot/spring-boot-api-project-seed/target/classes started by chenhailong in /Users/chenhailong/mygithub/springBoot/spring-boot-api-project-seed)
2019-04-15 23:13:34,863 DEBUG (StartupInfoLogger.java:51)- Running with Spring Boot v1.5.13.RELEASE, Spring v4.3.17.RELEASE
2019-04-15 23:13:34,863 INFO (SpringApplication.java:597)- The following profiles are active: dev
2019-04-15 23:13:38,162 INFO (StartupInfoLogger.java:57)- Started Application in 4.07 seconds (JVM running for 4.97)
2019-04-15 23:15:04,777 INFO (UserTestController.java:52)- page=1,size=10
2019-04-15 23:15:05,011 DEBUG (BaseJdbcLogger.java:159)- ==>  Preparing: SELECT count(0) FROM user_test 
2019-04-15 23:15:05,031 DEBUG (BaseJdbcLogger.java:159)- ==> Parameters: 
2019-04-15 23:15:05,049 DEBUG (BaseJdbcLogger.java:159)- <==      Total: 1
2019-04-15 23:15:05,054 DEBUG (BaseJdbcLogger.java:159)- ==>  Preparing: SELECT id,user_name,user_password FROM user_test limit ?,? 
2019-04-15 23:15:05,055 DEBUG (BaseJdbcLogger.java:159)- ==> Parameters: 0(Integer), 10(Integer)
2019-04-15 23:15:05,057 DEBUG (BaseJdbcLogger.java:159)- <==      Total: 7
2019-04-15 23:15:21,222 DEBUG (BaseJdbcLogger.java:159)- ==>  Preparing: SELECT id,user_name,user_password FROM user_test WHERE id = ? 
2019-04-15 23:15:21,224 DEBUG (BaseJdbcLogger.java:159)- ==> Parameters: 1(Integer)
2019-04-15 23:15:21,227 DEBUG (BaseJdbcLogger.java:159)- <==      Total: 1
2019-04-15 23:15:25,815 DEBUG (BaseJdbcLogger.java:159)- ==>  Preparing: SELECT id,user_name,user_password FROM user_test WHERE id = ? 
2019-04-15 23:15:25,816 DEBUG (BaseJdbcLogger.java:159)- ==> Parameters: 3(Integer)
2019-04-15 23:15:25,821 DEBUG (BaseJdbcLogger.java:159)- <==      Total: 1
2019-04-15 23:16:03,720 DEBUG (BaseJdbcLogger.java:159)- ==>  Preparing: UPDATE user_test SET user_name = ?,user_password = ? WHERE id = ? 
2019-04-15 23:16:03,721 DEBUG (BaseJdbcLogger.java:159)- ==> Parameters: update1(String), update1(String), 1(Integer)
2019-04-15 23:16:03,790 DEBUG (BaseJdbcLogger.java:159)- <==    Updates: 1
